[0427/164105.661:ERROR:directory_reader_win.cc(43)] FindFirstFile: The system cannot find the path specified. (0x3)
[0428/155746.912:ERROR:directory_reader_win.cc(43)] FindFirstFile: The system cannot find the path specified. (0x3)
[0428/161248.071:ERROR:directory_reader_win.cc(43)] FindFirstFile: The system cannot find the path specified. (0x3)
[0428/221314.182:ERROR:directory_reader_win.cc(43)] FindFirstFile: The system cannot find the path specified. (0x3)
[0429/224305.961:ERROR:directory_reader_win.cc(43)] FindFirstFile: The system cannot find the path specified. (0x3)
[0430/134819.071:ERROR:directory_reader_win.cc(43)] FindFirstFile: The system cannot find the path specified. (0x3)
[0501/180351.606:ERROR:directory_reader_win.cc(43)] FindFirstFile: The system cannot find the path specified. (0x3)
[0502/054438.377:ERROR:directory_reader_win.cc(43)] FindFirstFile: The system cannot find the path specified. (0x3)
[0503/023458.219:ERROR:directory_reader_win.cc(43)] FindFirstFile: The system cannot find the path specified. (0x3)
[0503/130109.308:ERROR:directory_reader_win.cc(43)] FindFirstFile: The system cannot find the path specified. (0x3)
[0504/011744.883:ERROR:process_memory_win.cc(73)] ReadMemory at 0x19827e0ec30 of 72 bytes failed: Only part of a ReadProcessMemory or WriteProcessMemory request was completed. (0x12B)
[0504/011745.078:WARNING:pe_image_annotations_reader.cc(135)] could not read annotations list object in C:\Program Files (x86)\Google\Chrome\Application\87.0.4280.66\chrome_elf.dll
[0504/011745.079:ERROR:process_memory_win.cc(73)] ReadMemory at 0x19827e56aa0 of 72 bytes failed: Only part of a ReadProcessMemory or WriteProcessMemory request was completed. (0x12B)
[0504/011745.079:WARNING:pe_image_annotations_reader.cc(135)] could not read annotations list object in C:\Program Files (x86)\Google\Chrome\Application\87.0.4280.66\chrome.dll
[0504/011745.285:ERROR:process_memory_win.cc(73)] ReadMemory at 0x19827e0ec30 of 72 bytes failed: Only part of a ReadProcessMemory or WriteProcessMemory request was completed. (0x12B)
[0504/011745.285:WARNING:pe_image_annotations_reader.cc(135)] could not read annotations list object in C:\Program Files (x86)\Google\Chrome\Application\87.0.4280.66\chrome_elf.dll
[0504/011745.285:ERROR:process_memory_win.cc(73)] ReadMemory at 0x19827e56aa0 of 72 bytes failed: Only part of a ReadProcessMemory or WriteProcessMemory request was completed. (0x12B)
[0504/011745.285:WARNING:pe_image_annotations_reader.cc(135)] could not read annotations list object in C:\Program Files (x86)\Google\Chrome\Application\87.0.4280.66\chrome.dll
[0504/011745.286:ERROR:process_memory_win.cc(73)] ReadMemory at 0x19827e0ec30 of 72 bytes failed: Only part of a ReadProcessMemory or WriteProcessMemory request was completed. (0x12B)
[0504/011745.286:WARNING:pe_image_annotations_reader.cc(135)] could not read annotations list object in C:\Program Files (x86)\Google\Chrome\Application\87.0.4280.66\chrome_elf.dll
[0504/011745.286:ERROR:process_memory_win.cc(73)] ReadMemory at 0x19827e56aa0 of 72 bytes failed: Only part of a ReadProcessMemory or WriteProcessMemory request was completed. (0x12B)
[0504/011745.286:WARNING:pe_image_annotations_reader.cc(135)] could not read annotations list object in C:\Program Files (x86)\Google\Chrome\Application\87.0.4280.66\chrome.dll
[0504/011745.439:ERROR:process_memory_win.cc(73)] ReadMemory at 0x42acfe9000 of 94208 bytes failed: Only part of a ReadProcessMemory or WriteProcessMemory request was completed. (0x12B)
[0504/011745.440:ERROR:process_memory_win.cc(73)] ReadMemory at 0x42ad7fe000 of 8192 bytes failed: Only part of a ReadProcessMemory or WriteProcessMemory request was completed. (0x12B)
[0504/011745.440:ERROR:process_memory_win.cc(73)] ReadMemory at 0x42ae7fe000 of 8192 bytes failed: Only part of a ReadProcessMemory or WriteProcessMemory request was completed. (0x12B)
[0504/011745.440:ERROR:process_memory_win.cc(73)] ReadMemory at 0x42af7fd000 of 12288 bytes failed: Only part of a ReadProcessMemory or WriteProcessMemory request was completed. (0x12B)
[0504/011745.440:ERROR:process_memory_win.cc(73)] ReadMemory at 0x42affff000 of 4096 bytes failed: Only part of a ReadProcessMemory or WriteProcessMemory request was completed. (0x12B)
[0504/011745.441:ERROR:process_memory_win.cc(73)] ReadMemory at 0x42b07fe000 of 8192 bytes failed: Only part of a ReadProcessMemory or WriteProcessMemory request was completed. (0x12B)
[0504/011745.441:ERROR:process_memory_win.cc(73)] ReadMemory at 0x42b0ffc000 of 16384 bytes failed: Only part of a ReadProcessMemory or WriteProcessMemory request was completed. (0x12B)
[0504/011745.441:ERROR:process_memory_win.cc(73)] ReadMemory at 0x42b17fd000 of 12288 bytes failed: Only part of a ReadProcessMemory or WriteProcessMemory request was completed. (0x12B)
[0504/011745.441:ERROR:process_memory_win.cc(73)] ReadMemory at 0x42b27fc000 of 16384 bytes failed: Only part of a ReadProcessMemory or WriteProcessMemory request was completed. (0x12B)
[0504/011745.441:ERROR:process_memory_win.cc(73)] ReadMemory at 0x42b2ffc000 of 16384 bytes failed: Only part of a ReadProcessMemory or WriteProcessMemory request was completed. (0x12B)
[0504/011745.442:ERROR:process_memory_win.cc(73)] ReadMemory at 0x42b37fe000 of 8192 bytes failed: Only part of a ReadProcessMemory or WriteProcessMemory request was completed. (0x12B)
[0504/011745.442:ERROR:process_memory_win.cc(73)] ReadMemory at 0x42b1ffe000 of 8192 bytes failed: Only part of a ReadProcessMemory or WriteProcessMemory request was completed. (0x12B)
[0504/011745.442:ERROR:process_memory_win.cc(73)] ReadMemory at 0x42b3ff4000 of 49152 bytes failed: Only part of a ReadProcessMemory or WriteProcessMemory request was completed. (0x12B)
[0504/011745.442:ERROR:process_memory_win.cc(73)] ReadMemory at 0x42adffb000 of 20480 bytes failed: Only part of a ReadProcessMemory or WriteProcessMemory request was completed. (0x12B)
[0504/011745.442:ERROR:process_memory_win.cc(73)] ReadMemory at 0x42aeff7000 of 36864 bytes failed: Only part of a ReadProcessMemory or WriteProcessMemory request was completed. (0x12B)
[0504/011745.442:ERROR:process_memory_win.cc(73)] ReadMemory at 0x42b47ff000 of 4096 bytes failed: Only part of a ReadProcessMemory or WriteProcessMemory request was completed. (0x12B)
[0504/011745.443:ERROR:process_memory_win.cc(73)] ReadMemory at 0x42ac600000 of 6024 bytes failed: Only part of a ReadProcessMemory or WriteProcessMemory request was completed. (0x12B)
[0504/011745.443:ERROR:process_memory_win.cc(73)] ReadMemory at 0x42ac602000 of 6024 bytes failed: Only part of a ReadProcessMemory or WriteProcessMemory request was completed. (0x12B)
[0504/011745.443:ERROR:process_memory_win.cc(73)] ReadMemory at 0x42ac604000 of 6024 bytes failed: Only part of a ReadProcessMemory or WriteProcessMemory request was completed. (0x12B)
[0504/011745.443:ERROR:process_memory_win.cc(73)] ReadMemory at 0x42ac606000 of 6024 bytes failed: Only part of a ReadProcessMemory or WriteProcessMemory request was completed. (0x12B)
[0504/011745.443:ERROR:process_memory_win.cc(73)] ReadMemory at 0x42ac777000 of 852 bytes failed: Only part of a ReadProcessMemory or WriteProcessMemory request was completed. (0x12B)
[0504/011745.443:ERROR:process_memory_win.cc(73)] ReadMemory at 0x42ac778000 of 6024 bytes failed: Only part of a ReadProcessMemory or WriteProcessMemory request was completed. (0x12B)
[0504/011745.443:ERROR:process_memory_win.cc(73)] ReadMemory at 0x42ac77a000 of 6024 bytes failed: Only part of a ReadProcessMemory or WriteProcessMemory request was completed. (0x12B)
[0504/011745.443:ERROR:process_memory_win.cc(73)] ReadMemory at 0x42ac77e000 of 6024 bytes failed: Only part of a ReadProcessMemory or WriteProcessMemory request was completed. (0x12B)
[0504/011745.443:ERROR:process_memory_win.cc(73)] ReadMemory at 0x42ac782000 of 6024 bytes failed: Only part of a ReadProcessMemory or WriteProcessMemory request was completed. (0x12B)
[0504/011745.444:ERROR:process_memory_win.cc(73)] ReadMemory at 0x42ac784000 of 6024 bytes failed: Only part of a ReadProcessMemory or WriteProcessMemory request was completed. (0x12B)
[0504/011745.445:ERROR:process_memory_win.cc(73)] ReadMemory at 0x42ac786000 of 6024 bytes failed: Only part of a ReadProcessMemory or WriteProcessMemory request was completed. (0x12B)
[0504/011745.445:ERROR:process_memory_win.cc(73)] ReadMemory at 0x42ac788000 of 6024 bytes failed: Only part of a ReadProcessMemory or WriteProcessMemory request was completed. (0x12B)
[0504/011745.445:ERROR:process_memory_win.cc(73)] ReadMemory at 0x42ac78a000 of 6024 bytes failed: Only part of a ReadProcessMemory or WriteProcessMemory request was completed. (0x12B)
[0504/011745.445:ERROR:process_memory_win.cc(73)] ReadMemory at 0x42ac78e000 of 6024 bytes failed: Only part of a ReadProcessMemory or WriteProcessMemory request was completed. (0x12B)
[0504/011745.445:ERROR:process_memory_win.cc(73)] ReadMemory at 0x42ac790000 of 6024 bytes failed: Only part of a ReadProcessMemory or WriteProcessMemory request was completed. (0x12B)
[0504/011745.445:ERROR:process_memory_win.cc(73)] ReadMemory at 0x42ac792000 of 6024 bytes failed: Only part of a ReadProcessMemory or WriteProcessMemory request was completed. (0x12B)
[0504/011745.445:ERROR:process_memory_win.cc(73)] ReadMemory at 0x42ac79a000 of 6024 bytes failed: Only part of a ReadProcessMemory or WriteProcessMemory request was completed. (0x12B)
[0504/011745.446:ERROR:process_memory_win.cc(73)] ReadMemory at 0x19827df0fe0 of 30700 bytes failed: Only part of a ReadProcessMemory or WriteProcessMemory request was completed. (0x12B)
[0504/011745.446:ERROR:process_memory_win.cc(73)] ReadMemory at 0x19827df87e0 of 1012 bytes failed: Only part of a ReadProcessMemory or WriteProcessMemory request was completed. (0x12B)
[0504/011745.446:ERROR:process_memory_win.cc(73)] ReadMemory at 0x19827df8e28 of 118 bytes failed: Only part of a ReadProcessMemory or WriteProcessMemory request was completed. (0x12B)
[0504/011745.446:ERROR:process_memory_win.cc(73)] ReadMemory at 0x19827df8ea0 of 918 bytes failed: Only part of a ReadProcessMemory or WriteProcessMemory request was completed. (0x12B)
[0504/011745.446:ERROR:process_memory_win.cc(73)] ReadMemory at 0x19827df9238 of 118 bytes failed: Only part of a ReadProcessMemory or WriteProcessMemory request was completed. (0x12B)
[0504/011745.446:ERROR:process_memory_win.cc(73)] ReadMemory at 0x19827df92b0 of 94 bytes failed: Only part of a ReadProcessMemory or WriteProcessMemory request was completed. (0x12B)
[0504/011745.446:ERROR:process_memory_win.cc(73)] ReadMemory at 0x19827df9320 of 58 bytes failed: Only part of a ReadProcessMemory or WriteProcessMemory request was completed. (0x12B)
[0504/011745.447:ERROR:process_memory_win.cc(73)] ReadMemory at 0x19827df9420 of 132 bytes failed: Only part of a ReadProcessMemory or WriteProcessMemory request was completed. (0x12B)
[0504/011745.447:ERROR:process_memory_win.cc(73)] ReadMemory at 0x19827df95b0 of 132 bytes failed: Only part of a ReadProcessMemory or WriteProcessMemory request was completed. (0x12B)
[0504/011745.447:ERROR:process_memory_win.cc(73)] ReadMemory at 0x19827df9770 of 124 bytes failed: Only part of a ReadProcessMemory or WriteProcessMemory request was completed. (0x12B)
[0504/011745.447:ERROR:process_memory_win.cc(73)] ReadMemory at 0x19827df9c70 of 132 bytes failed: Only part of a ReadProcessMemory or WriteProcessMemory request was completed. (0x12B)
[0504/011745.447:ERROR:process_memory_win.cc(73)] ReadMemory at 0x19827df9e00 of 64 bytes failed: Only part of a ReadProcessMemory or WriteProcessMemory request was completed. (0x12B)
[0504/011745.447:ERROR:process_memory_win.cc(73)] ReadMemory at 0x19827dfa280 of 132 bytes failed: Only part of a ReadProcessMemory or WriteProcessMemory request was completed. (0x12B)
[0504/011745.447:ERROR:process_memory_win.cc(73)] ReadMemory at 0x19827dfa410 of 68 bytes failed: Only part of a ReadProcessMemory or WriteProcessMemory request was completed. (0x12B)
[0504/011745.447:ERROR:process_memory_win.cc(73)] ReadMemory at 0x19827dfb5c0 of 132 bytes failed: Only part of a ReadProcessMemory or WriteProcessMemory request was completed. (0x12B)
[0504/011745.448:ERROR:process_memory_win.cc(73)] ReadMemory at 0x19827dfb7d0 of 132 bytes failed: Only part of a ReadProcessMemory or WriteProcessMemory request was completed. (0x12B)
[0504/011745.448:ERROR:process_memory_win.cc(73)] ReadMemory at 0x19827dfb900 of 152 bytes failed: Only part of a ReadProcessMemory or WriteProcessMemory request was completed. (0x12B)
[0504/011745.448:ERROR:process_memory_win.cc(73)] ReadMemory at 0x19827dfc530 of 132 bytes failed: Only part of a ReadProcessMemory or WriteProcessMemory request was completed. (0x12B)
[0504/011745.448:ERROR:process_memory_win.cc(73)] ReadMemory at 0x19827dfed90 of 62 bytes failed: Only part of a ReadProcessMemory or WriteProcessMemory request was completed. (0x12B)
[0504/011745.448:ERROR:process_memory_win.cc(73)] ReadMemory at 0x19827dfef50 of 60 bytes failed: Only part of a ReadProcessMemory or WriteProcessMemory request was completed. (0x12B)
[0504/011745.448:ERROR:process_memory_win.cc(73)] ReadMemory at 0x19827e0b9a0 of 60 bytes failed: Only part of a ReadProcessMemory or WriteProcessMemory request was completed. (0x12B)
[0504/011745.448:ERROR:process_memory_win.cc(73)] ReadMemory at 0x19827e0ba40 of 64 bytes failed: Only part of a ReadProcessMemory or WriteProcessMemory request was completed. (0x12B)
[0504/011745.448:ERROR:process_memory_win.cc(73)] ReadMemory at 0x19827e0ba90 of 66 bytes failed: Only part of a ReadProcessMemory or WriteProcessMemory request was completed. (0x12B)
[0504/011745.448:ERROR:process_memory_win.cc(73)] ReadMemory at 0x19827e0bb30 of 64 bytes failed: Only part of a ReadProcessMemory or WriteProcessMemory request was completed. (0x12B)
[0504/011745.448:ERROR:process_memory_win.cc(73)] ReadMemory at 0x19827e0bbd0 of 64 bytes failed: Only part of a ReadProcessMemory or WriteProcessMemory request was completed. (0x12B)
[0504/011745.449:ERROR:process_memory_win.cc(73)] ReadMemory at 0x19827e0bc70 of 62 bytes failed: Only part of a ReadProcessMemory or WriteProcessMemory request was completed. (0x12B)
[0504/011745.449:ERROR:process_memory_win.cc(73)] ReadMemory at 0x19827e0bd60 of 64 bytes failed: Only part of a ReadProcessMemory or WriteProcessMemory request was completed. (0x12B)
[0504/011745.449:ERROR:process_memory_win.cc(73)] ReadMemory at 0x19827e0bdb0 of 62 bytes failed: Only part of a ReadProcessMemory or WriteProcessMemory request was completed. (0x12B)
[0504/011745.449:ERROR:process_memory_win.cc(73)] ReadMemory at 0x19827e0be50 of 62 bytes failed: Only part of a ReadProcessMemory or WriteProcessMemory request was completed. (0x12B)
[0504/011745.449:ERROR:process_memory_win.cc(73)] ReadMemory at 0x19827e0c210 of 60 bytes failed: Only part of a ReadProcessMemory or WriteProcessMemory request was completed. (0x12B)
[0504/011745.449:ERROR:process_memory_win.cc(73)] ReadMemory at 0x19827e0c300 of 62 bytes failed: Only part of a ReadProcessMemory or WriteProcessMemory request was completed. (0x12B)
[0504/011745.449:ERROR:process_memory_win.cc(73)] ReadMemory at 0x19827e17620 of 132 bytes failed: Only part of a ReadProcessMemory or WriteProcessMemory request was completed. (0x12B)
[0504/011745.449:ERROR:process_memory_win.cc(73)] ReadMemory at 0x19827e17d30 of 132 bytes failed: Only part of a ReadProcessMemory or WriteProcessMemory request was completed. (0x12B)
[0504/011745.449:ERROR:process_memory_win.cc(73)] ReadMemory at 0x19827e181f0 of 132 bytes failed: Only part of a ReadProcessMemory or WriteProcessMemory request was completed. (0x12B)
[0504/011745.449:ERROR:process_memory_win.cc(73)] ReadMemory at 0x19827e18320 of 132 bytes failed: Only part of a ReadProcessMemory or WriteProcessMemory request was completed. (0x12B)
[0504/011745.449:ERROR:process_memory_win.cc(73)] ReadMemory at 0x19827e18450 of 132 bytes failed: Only part of a ReadProcessMemory or WriteProcessMemory request was completed. (0x12B)
[0504/011745.450:ERROR:process_memory_win.cc(73)] ReadMemory at 0x19827e186b0 of 132 bytes failed: Only part of a ReadProcessMemory or WriteProcessMemory request was completed. (0x12B)
[0504/011745.450:ERROR:process_memory_win.cc(73)] ReadMemory at 0x19827e187e0 of 132 bytes failed: Only part of a ReadProcessMemory or WriteProcessMemory request was completed. (0x12B)
[0504/011745.450:ERROR:process_memory_win.cc(73)] ReadMemory at 0x19827e18dd0 of 132 bytes failed: Only part of a ReadProcessMemory or WriteProcessMemory request was completed. (0x12B)
[0504/011745.450:ERROR:process_memory_win.cc(73)] ReadMemory at 0x19827e19030 of 132 bytes failed: Only part of a ReadProcessMemory or WriteProcessMemory request was completed. (0x12B)
[0504/011745.450:ERROR:process_memory_win.cc(73)] ReadMemory at 0x19827e19160 of 132 bytes failed: Only part of a ReadProcessMemory or WriteProcessMemory request was completed. (0x12B)
[0504/011745.450:ERROR:process_memory_win.cc(73)] ReadMemory at 0x19827e194f0 of 132 bytes failed: Only part of a ReadProcessMemory or WriteProcessMemory request was completed. (0x12B)
[0504/011745.450:ERROR:process_memory_win.cc(73)] ReadMemory at 0x19827e19880 of 132 bytes failed: Only part of a ReadProcessMemory or WriteProcessMemory request was completed. (0x12B)
[0504/011745.450:ERROR:process_memory_win.cc(73)] ReadMemory at 0x19827e1d280 of 132 bytes failed: Only part of a ReadProcessMemory or WriteProcessMemory request was completed. (0x12B)
[0504/011745.451:ERROR:process_memory_win.cc(73)] ReadMemory at 0x19827e1d4a0 of 132 bytes failed: Only part of a ReadProcessMemory or WriteProcessMemory request was completed. (0x12B)
[0504/011745.451:ERROR:process_memory_win.cc(73)] ReadMemory at 0x19827e1f6b0 of 80 bytes failed: Only part of a ReadProcessMemory or WriteProcessMemory request was completed. (0x12B)
[0504/011745.451:ERROR:process_memory_win.cc(73)] ReadMemory at 0x19827e1fcb0 of 80 bytes failed: Only part of a ReadProcessMemory or WriteProcessMemory request was completed. (0x12B)
[0504/011745.451:ERROR:process_memory_win.cc(73)] ReadMemory at 0x19827e215b0 of 62 bytes failed: Only part of a ReadProcessMemory or WriteProcessMemory request was completed. (0x12B)
[0504/011745.451:ERROR:process_memory_win.cc(73)] ReadMemory at 0x19827e21650 of 58 bytes failed: Only part of a ReadProcessMemory or WriteProcessMemory request was completed. (0x12B)
[0504/011745.451:ERROR:process_memory_win.cc(73)] ReadMemory at 0x19827e216a0 of 64 bytes failed: Only part of a ReadProcessMemory or WriteProcessMemory request was completed. (0x12B)
[0504/011745.451:ERROR:process_memory_win.cc(73)] ReadMemory at 0x19827e216f0 of 64 bytes failed: Only part of a ReadProcessMemory or WriteProcessMemory request was completed. (0x12B)
[0504/011745.451:ERROR:process_memory_win.cc(73)] ReadMemory at 0x19827e21830 of 60 bytes failed: Only part of a ReadProcessMemory or WriteProcessMemory request was completed. (0x12B)
[0504/011745.451:ERROR:process_memory_win.cc(73)] ReadMemory at 0x19827e21a60 of 62 bytes failed: Only part of a ReadProcessMemory or WriteProcessMemory request was completed. (0x12B)
[0504/011745.451:ERROR:process_memory_win.cc(73)] ReadMemory at 0x19827e21bf0 of 60 bytes failed: Only part of a ReadProcessMemory or WriteProcessMemory request was completed. (0x12B)
[0504/011745.452:ERROR:process_memory_win.cc(73)] ReadMemory at 0x19827e21d30 of 64 bytes failed: Only part of a ReadProcessMemory or WriteProcessMemory request was completed. (0x12B)
[0504/011745.452:ERROR:process_memory_win.cc(73)] ReadMemory at 0x19827e22280 of 62 bytes failed: Only part of a ReadProcessMemory or WriteProcessMemory request was completed. (0x12B)
[0504/011745.452:ERROR:process_memory_win.cc(73)] ReadMemory at 0x19827e222d0 of 62 bytes failed: Only part of a ReadProcessMemory or WriteProcessMemory request was completed. (0x12B)
[0504/011745.452:ERROR:process_memory_win.cc(73)] ReadMemory at 0x19827e22320 of 62 bytes failed: Only part of a ReadProcessMemory or WriteProcessMemory request was completed. (0x12B)
[0504/011745.452:ERROR:process_memory_win.cc(73)] ReadMemory at 0x19827e22ef0 of 132 bytes failed: Only part of a ReadProcessMemory or WriteProcessMemory request was completed. (0x12B)
[0504/011745.452:ERROR:process_memory_win.cc(73)] ReadMemory at 0x19827e23020 of 132 bytes failed: Only part of a ReadProcessMemory or WriteProcessMemory request was completed. (0x12B)
[0504/011745.452:ERROR:process_memory_win.cc(73)] ReadMemory at 0x19827e23150 of 132 bytes failed: Only part of a ReadProcessMemory or WriteProcessMemory request was completed. (0x12B)
[0504/011745.452:ERROR:process_memory_win.cc(73)] ReadMemory at 0x19827e23280 of 132 bytes failed: Only part of a ReadProcessMemory or WriteProcessMemory request was completed. (0x12B)
[0504/011745.452:ERROR:process_memory_win.cc(73)] ReadMemory at 0x19827e233b0 of 132 bytes failed: Only part of a ReadProcessMemory or WriteProcessMemory request was completed. (0x12B)
[0504/011745.453:ERROR:process_memory_win.cc(73)] ReadMemory at 0x19827e234e0 of 132 bytes failed: Only part of a ReadProcessMemory or WriteProcessMemory request was completed. (0x12B)
[0504/011745.453:ERROR:process_memory_win.cc(73)] ReadMemory at 0x19827e24820 of 132 bytes failed: Only part of a ReadProcessMemory or WriteProcessMemory request was completed. (0x12B)
[0504/011745.453:ERROR:process_memory_win.cc(73)] ReadMemory at 0x19827e24950 of 132 bytes failed: Only part of a ReadProcessMemory or WriteProcessMemory request was completed. (0x12B)
[0504/011745.453:ERROR:process_memory_win.cc(73)] ReadMemory at 0x19827e25050 of 132 bytes failed: Only part of a ReadProcessMemory or WriteProcessMemory request was completed. (0x12B)
[0504/011745.453:ERROR:process_memory_win.cc(73)] ReadMemory at 0x19827e26870 of 144 bytes failed: Only part of a ReadProcessMemory or WriteProcessMemory request was completed. (0x12B)
[0504/011745.453:ERROR:process_memory_win.cc(73)] ReadMemory at 0x19827e26960 of 132 bytes failed: Only part of a ReadProcessMemory or WriteProcessMemory request was completed. (0x12B)
[0504/011745.453:ERROR:process_memory_win.cc(73)] ReadMemory at 0x19827e28c10 of 132 bytes failed: Only part of a ReadProcessMemory or WriteProcessMemory request was completed. (0x12B)
[0504/011745.453:ERROR:process_memory_win.cc(73)] ReadMemory at 0x19827e41cc0 of 512 bytes failed: Only part of a ReadProcessMemory or WriteProcessMemory request was completed. (0x12B)
[0504/011745.453:ERROR:process_memory_win.cc(73)] ReadMemory at 0x19827e81c30 of 512 bytes failed: Only part of a ReadProcessMemory or WriteProcessMemory request was completed. (0x12B)
[0504/011745.453:ERROR:process_memory_win.cc(73)] ReadMemory at 0x19827e89490 of 512 bytes failed: Only part of a ReadProcessMemory or WriteProcessMemory request was completed. (0x12B)
[0504/011745.454:ERROR:process_memory_win.cc(73)] ReadMemory at 0x19827eb63c0 of 512 bytes failed: Only part of a ReadProcessMemory or WriteProcessMemory request was completed. (0x12B)
[0504/011745.454:ERROR:process_memory_win.cc(73)] ReadMemory at 0x19827eb78b0 of 712 bytes failed: Only part of a ReadProcessMemory or WriteProcessMemory request was completed. (0x12B)
[0504/011745.454:ERROR:process_memory_win.cc(73)] ReadMemory at 0x19827ebab90 of 512 bytes failed: Only part of a ReadProcessMemory or WriteProcessMemory request was completed. (0x12B)
[0504/011745.454:ERROR:process_memory_win.cc(73)] ReadMemory at 0x19827ec8fe0 of 512 bytes failed: Only part of a ReadProcessMemory or WriteProcessMemory request was completed. (0x12B)
[0504/011745.454:ERROR:process_memory_win.cc(73)] ReadMemory at 0x19827eda950 of 512 bytes failed: Only part of a ReadProcessMemory or WriteProcessMemory request was completed. (0x12B)
[0504/011745.454:ERROR:process_memory_win.cc(73)] ReadMemory at 0x19827f22080 of 512 bytes failed: Only part of a ReadProcessMemory or WriteProcessMemory request was completed. (0x12B)
[0504/011745.454:ERROR:process_memory_win.cc(73)] ReadMemory at 0x198299752b0 of 512 bytes failed: Only part of a ReadProcessMemory or WriteProcessMemory request was completed. (0x12B)
[0504/011745.454:ERROR:process_memory_win.cc(73)] ReadMemory at 0x1982a400000 of 384 bytes failed: Only part of a ReadProcessMemory or WriteProcessMemory request was completed. (0x12B)
[0504/011745.454:ERROR:process_memory_win.cc(73)] ReadMemory at 0x1982a9c1ef0 of 512 bytes failed: Only part of a ReadProcessMemory or WriteProcessMemory request was completed. (0x12B)
[0504/011745.455:ERROR:process_memory_win.cc(73)] ReadMemory at 0x1983214cfa0 of 512 bytes failed: Only part of a ReadProcessMemory or WriteProcessMemory request was completed. (0x12B)
[0504/011745.455:ERROR:process_memory_win.cc(73)] ReadMemory at 0x208906306838 of 512 bytes failed: Only part of a ReadProcessMemory or WriteProcessMemory request was completed. (0x12B)
[0504/011745.455:ERROR:process_memory_win.cc(73)] ReadMemory at 0x28f00b299d80 of 512 bytes failed: Only part of a ReadProcessMemory or WriteProcessMemory request was completed. (0x12B)
[0504/011745.455:ERROR:process_memory_win.cc(73)] ReadMemory at 0x28f00b2bff80 of 512 bytes failed: Only part of a ReadProcessMemory or WriteProcessMemory request was completed. (0x12B)
[0504/011745.455:ERROR:process_memory_win.cc(73)] ReadMemory at 0x28f04277ff80 of 512 bytes failed: Only part of a ReadProcessMemory or WriteProcessMemory request was completed. (0x12B)
[0504/011745.455:ERROR:process_memory_win.cc(73)] ReadMemory at 0x28f0427b3621 of 656 bytes failed: Only part of a ReadProcessMemory or WriteProcessMemory request was completed. (0x12B)
[0504/011745.455:ERROR:process_memory_win.cc(73)] ReadMemory at 0x28f042bc4ec0 of 513 bytes failed: Only part of a ReadProcessMemory or WriteProcessMemory request was completed. (0x12B)
[0504/011745.455:ERROR:process_memory_win.cc(73)] ReadMemory at 0x28f04893ff80 of 512 bytes failed: Only part of a ReadProcessMemory or WriteProcessMemory request was completed. (0x12B)
[0504/011745.455:ERROR:process_memory_win.cc(73)] ReadMemory at 0x28f04895e244 of 512 bytes failed: Only part of a ReadProcessMemory or WriteProcessMemory request was completed. (0x12B)
[0504/011745.456:ERROR:process_memory_win.cc(73)] ReadMemory at 0x28f049051fbd of 523 bytes failed: Only part of a ReadProcessMemory or WriteProcessMemory request was completed. (0x12B)
[0504/011745.456:ERROR:process_memory_win.cc(73)] ReadMemory at 0x28f049138dc4 of 513 bytes failed: Only part of a ReadProcessMemory or WriteProcessMemory request was completed. (0x12B)
[0504/011745.859:ERROR:scoped_process_suspend.cc(40)] NtResumeProcess: An attempt was made to access an exiting process. (0xc000010a)
[0504/011745.906:ERROR:filesystem_win.cc(129)] GetFileAttributes C:\Users\ASUS\AppData\Local\Google\Chrome\User Data\Crashpad\attachments\5a0ca45a-03c8-4668-a071-2392cda92f3e: The system cannot find the path specified. (0x3)
[0506/230741.740:ERROR:directory_reader_win.cc(43)] FindFirstFile: The system cannot find the path specified. (0x3)
[0507/025816.339:ERROR:directory_reader_win.cc(43)] FindFirstFile: The system cannot find the path specified. (0x3)
[0507/143915.566:ERROR:directory_reader_win.cc(43)] FindFirstFile: The system cannot find the path specified. (0x3)
[0507/162042.701:ERROR:directory_reader_win.cc(43)] FindFirstFile: The system cannot find the path specified. (0x3)
[0507/181049.582:ERROR:directory_reader_win.cc(43)] FindFirstFile: The system cannot find the path specified. (0x3)
[0507/183250.401:ERROR:directory_reader_win.cc(43)] FindFirstFile: The system cannot find the path specified. (0x3)
[0507/193835.301:ERROR:directory_reader_win.cc(43)] FindFirstFile: The system cannot find the path specified. (0x3)
[0509/065340.421:ERROR:directory_reader_win.cc(43)] FindFirstFile: The system cannot find the path specified. (0x3)
[0512/010459.977:ERROR:directory_reader_win.cc(43)] FindFirstFile: The system cannot find the path specified. (0x3)
